CRITICAL - 2025-04-07 03:38:32 --> ErrorException: include(C:\sobar\coba\vendor\composer/../../app/Controllers/BaseController.php): Failed to open stream: No such file or directory
[Method: GET, Route: /]
in VENDORPATH\composer\ClassLoader.php on line 576.
 1 VENDORPATH\composer\ClassLoader.php(576): CodeIgniter\Debug\Exceptions->errorHandler(2, 'include(C:\\sobar\\coba\\vendor\\composer/../../app/Controllers/BaseController.php): Failed to open stream: No such file or directory', 'C:\\sobar\\coba\\vendor\\composer\\ClassLoader.php', 576)
 2 VENDORPATH\composer\ClassLoader.php(576): include()
 3 VENDORPATH\composer\ClassLoader.php(427): Composer\Autoload\{closure}('C:\\sobar\\coba\\vendor\\composer/../../app/Controllers/BaseController.php')
 4 APPPATH\Controllers\Home.php(5): Composer\Autoload\ClassLoader->loadClass('App\\Controllers\\BaseController')
 5 VENDORPATH\composer\ClassLoader.php(576): include('C:\\sobar\\coba\\app\\Controllers\\Home.php')
 6 VENDORPATH\composer\ClassLoader.php(427): Composer\Autoload\{closure}('C:\\sobar\\coba\\vendor\\composer/../../app/Controllers/Home.php')
 7 [internal function]: Composer\Autoload\ClassLoader->loadClass('App\\Controllers\\Home')
 8 SYSTEMPATH\CodeIgniter.php(885): class_exists('\\App\\Controllers\\Home', true)
 9 SYSTEMPATH\CodeIgniter.php(494): CodeIgniter\CodeIgniter->startController()
10 SYSTEMPATH\CodeIgniter.php(354): CodeIgniter\CodeIgniter->handleRequest(null, Object(Config\Cache), false)
11 SYSTEMPATH\Boot.php(334): CodeIgniter\CodeIgniter->run()
12 SYSTEMPATH\Boot.php(67): CodeIgniter\Boot::runCodeIgniter(Object(CodeIgniter\CodeIgniter))
13 FCPATH\index.php(56): CodeIgniter\Boot::bootWeb(Object(Config\Paths))
14 SYSTEMPATH\rewrite.php(44): require_once('C:\\sobar\\coba\\public\\index.php')
CRITICAL - 2025-04-07 03:40:22 --> ErrorException: include(C:\sobar\coba\vendor\composer/../../app/Controllers/BaseController.php): Failed to open stream: No such file or directory
[Method: GET, Route: /]
in VENDORPATH\composer\ClassLoader.php on line 576.
 1 VENDORPATH\composer\ClassLoader.php(576): CodeIgniter\Debug\Exceptions->errorHandler(2, 'include(C:\\sobar\\coba\\vendor\\composer/../../app/Controllers/BaseController.php): Failed to open stream: No such file or directory', 'C:\\sobar\\coba\\vendor\\composer\\ClassLoader.php', 576)
 2 VENDORPATH\composer\ClassLoader.php(576): include()
 3 VENDORPATH\composer\ClassLoader.php(427): Composer\Autoload\{closure}('C:\\sobar\\coba\\vendor\\composer/../../app/Controllers/BaseController.php')
 4 APPPATH\Controllers\Home.php(5): Composer\Autoload\ClassLoader->loadClass('App\\Controllers\\BaseController')
 5 VENDORPATH\composer\ClassLoader.php(576): include('C:\\sobar\\coba\\app\\Controllers\\Home.php')
 6 VENDORPATH\composer\ClassLoader.php(427): Composer\Autoload\{closure}('C:\\sobar\\coba\\vendor\\composer/../../app/Controllers/Home.php')
 7 [internal function]: Composer\Autoload\ClassLoader->loadClass('App\\Controllers\\Home')
 8 SYSTEMPATH\CodeIgniter.php(885): class_exists('\\App\\Controllers\\Home', true)
 9 SYSTEMPATH\CodeIgniter.php(494): CodeIgniter\CodeIgniter->startController()
10 SYSTEMPATH\CodeIgniter.php(354): CodeIgniter\CodeIgniter->handleRequest(null, Object(Config\Cache), false)
11 SYSTEMPATH\Boot.php(334): CodeIgniter\CodeIgniter->run()
12 SYSTEMPATH\Boot.php(67): CodeIgniter\Boot::runCodeIgniter(Object(CodeIgniter\CodeIgniter))
13 FCPATH\index.php(56): CodeIgniter\Boot::bootWeb(Object(Config\Paths))
14 SYSTEMPATH\rewrite.php(44): require_once('C:\\sobar\\coba\\public\\index.php')
DEBUG - 2025-04-07 03:41:30 --> Session: Class initialized using 'CodeIgniter\Session\Handlers\FileHandler' driver.
DEBUG - 2025-04-07 03:41:48 --> Session: Class initialized using 'CodeIgniter\Session\Handlers\FileHandler' driver.
DEBUG - 2025-04-07 03:41:48 --> Session: Class initialized using 'CodeIgniter\Session\Handlers\FileHandler' driver.
DEBUG - 2025-04-07 03:41:58 --> Session: Class initialized using 'CodeIgniter\Session\Handlers\FileHandler' driver.
DEBUG - 2025-04-07 03:41:58 --> Session: Class initialized using 'CodeIgniter\Session\Handlers\FileHandler' driver.
DEBUG - 2025-04-07 03:42:41 --> Session: Class initialized using 'CodeIgniter\Session\Handlers\FileHandler' driver.
DEBUG - 2025-04-07 03:42:42 --> Session: Class initialized using 'CodeIgniter\Session\Handlers\FileHandler' driver.
DEBUG - 2025-04-07 03:46:03 --> Session: Class initialized using 'CodeIgniter\Session\Handlers\FileHandler' driver.
DEBUG - 2025-04-07 03:47:50 --> Session: Class initialized using 'CodeIgniter\Session\Handlers\FileHandler' driver.
DEBUG - 2025-04-07 03:48:05 --> Session: Class initialized using 'CodeIgniter\Session\Handlers\FileHandler' driver.
DEBUG - 2025-04-07 03:48:05 --> Session: Class initialized using 'CodeIgniter\Session\Handlers\FileHandler' driver.
CRITICAL - 2025-04-07 03:48:05 --> Error: Class "PhpOffice\PhpSpreadsheet\IOFactory" not found
[Method: GET, Route: pages/load]
in APPPATH\Controllers\ParsingController.php on line 83.
 1 SYSTEMPATH\CodeIgniter.php(933): App\Controllers\ParsingController->load()
 2 SYSTEMPATH\CodeIgniter.php(507): CodeIgniter\CodeIgniter->runController(Object(App\Controllers\ParsingController))
 3 SYSTEMPATH\CodeIgniter.php(354): CodeIgniter\CodeIgniter->handleRequest(null, Object(Config\Cache), false)
 4 SYSTEMPATH\Boot.php(334): CodeIgniter\CodeIgniter->run()
 5 SYSTEMPATH\Boot.php(67): CodeIgniter\Boot::runCodeIgniter(Object(CodeIgniter\CodeIgniter))
 6 FCPATH\index.php(56): CodeIgniter\Boot::bootWeb(Object(Config\Paths))
 7 SYSTEMPATH\rewrite.php(44): require_once('C:\\sobar\\coba\\public\\index.php')
DEBUG - 2025-04-07 03:56:15 --> Session: Class initialized using 'CodeIgniter\Session\Handlers\FileHandler' driver.
CRITICAL - 2025-04-07 03:56:15 --> Error: Class "PhpOffice\PhpSpreadsheet\IOFactory" not found
[Method: GET, Route: pages/load]
in APPPATH\Controllers\ParsingController.php on line 83.
 1 SYSTEMPATH\CodeIgniter.php(933): App\Controllers\ParsingController->load()
 2 SYSTEMPATH\CodeIgniter.php(507): CodeIgniter\CodeIgniter->runController(Object(App\Controllers\ParsingController))
 3 SYSTEMPATH\CodeIgniter.php(354): CodeIgniter\CodeIgniter->handleRequest(null, Object(Config\Cache), false)
 4 SYSTEMPATH\Boot.php(334): CodeIgniter\CodeIgniter->run()
 5 SYSTEMPATH\Boot.php(67): CodeIgniter\Boot::runCodeIgniter(Object(CodeIgniter\CodeIgniter))
 6 FCPATH\index.php(56): CodeIgniter\Boot::bootWeb(Object(Config\Paths))
 7 SYSTEMPATH\rewrite.php(44): require_once('C:\\sobar\\coba\\public\\index.php')
DEBUG - 2025-04-07 03:56:25 --> Session: Class initialized using 'CodeIgniter\Session\Handlers\FileHandler' driver.
CRITICAL - 2025-04-07 03:56:25 --> Error: Class "PhpOffice\PhpSpreadsheet\IOFactory" not found
[Method: GET, Route: pages/load]
in APPPATH\Controllers\ParsingController.php on line 83.
 1 SYSTEMPATH\CodeIgniter.php(933): App\Controllers\ParsingController->load()
 2 SYSTEMPATH\CodeIgniter.php(507): CodeIgniter\CodeIgniter->runController(Object(App\Controllers\ParsingController))
 3 SYSTEMPATH\CodeIgniter.php(354): CodeIgniter\CodeIgniter->handleRequest(null, Object(Config\Cache), false)
 4 SYSTEMPATH\Boot.php(334): CodeIgniter\CodeIgniter->run()
 5 SYSTEMPATH\Boot.php(67): CodeIgniter\Boot::runCodeIgniter(Object(CodeIgniter\CodeIgniter))
 6 FCPATH\index.php(56): CodeIgniter\Boot::bootWeb(Object(Config\Paths))
 7 SYSTEMPATH\rewrite.php(44): require_once('C:\\sobar\\coba\\public\\index.php')
DEBUG - 2025-04-07 04:23:09 --> Session: Class initialized using 'CodeIgniter\Session\Handlers\FileHandler' driver.
CRITICAL - 2025-04-07 04:23:09 --> Error: Class "ZipArchive" not found
[Method: GET, Route: pages/load]
in VENDORPATH\phpoffice\phpspreadsheet\src\PhpSpreadsheet\Shared\File.php on line 61.
 1 VENDORPATH\phpoffice\phpspreadsheet\src\PhpSpreadsheet\Shared\File.php(186): PhpOffice\PhpSpreadsheet\Shared\File::fileExists('zip://uploads/p2_1743997685.xlsx#_rels/.rels')
 2 VENDORPATH\phpoffice\phpspreadsheet\src\PhpSpreadsheet\Reader\Xlsx.php(78): PhpOffice\PhpSpreadsheet\Shared\File::testFileNoThrow('uploads/p2_1743997685.xlsx', '_rels/.rels')
 3 VENDORPATH\phpoffice\phpspreadsheet\src\PhpSpreadsheet\IOFactory.php(151): PhpOffice\PhpSpreadsheet\Reader\Xlsx->canRead('uploads/p2_1743997685.xlsx')
 4 VENDORPATH\phpoffice\phpspreadsheet\src\PhpSpreadsheet\IOFactory.php(104): PhpOffice\PhpSpreadsheet\IOFactory::createReaderForFile('uploads/p2_1743997685.xlsx', null)
 5 APPPATH\Controllers\ParsingController.php(83): PhpOffice\PhpSpreadsheet\IOFactory::load('uploads/p2_1743997685.xlsx')
 6 SYSTEMPATH\CodeIgniter.php(933): App\Controllers\ParsingController->load()
 7 SYSTEMPATH\CodeIgniter.php(507): CodeIgniter\CodeIgniter->runController(Object(App\Controllers\ParsingController))
 8 SYSTEMPATH\CodeIgniter.php(354): CodeIgniter\CodeIgniter->handleRequest(null, Object(Config\Cache), false)
 9 SYSTEMPATH\Boot.php(334): CodeIgniter\CodeIgniter->run()
10 SYSTEMPATH\Boot.php(67): CodeIgniter\Boot::runCodeIgniter(Object(CodeIgniter\CodeIgniter))
11 FCPATH\index.php(56): CodeIgniter\Boot::bootWeb(Object(Config\Paths))
12 SYSTEMPATH\rewrite.php(44): require_once('C:\\sobar\\coba\\public\\index.php')
DEBUG - 2025-04-07 04:23:11 --> Session: Class initialized using 'CodeIgniter\Session\Handlers\FileHandler' driver.
CRITICAL - 2025-04-07 04:23:11 --> Error: Class "ZipArchive" not found
[Method: GET, Route: pages/load]
in VENDORPATH\phpoffice\phpspreadsheet\src\PhpSpreadsheet\Shared\File.php on line 61.
 1 VENDORPATH\phpoffice\phpspreadsheet\src\PhpSpreadsheet\Shared\File.php(186): PhpOffice\PhpSpreadsheet\Shared\File::fileExists('zip://uploads/p2_1743997685.xlsx#_rels/.rels')
 2 VENDORPATH\phpoffice\phpspreadsheet\src\PhpSpreadsheet\Reader\Xlsx.php(78): PhpOffice\PhpSpreadsheet\Shared\File::testFileNoThrow('uploads/p2_1743997685.xlsx', '_rels/.rels')
 3 VENDORPATH\phpoffice\phpspreadsheet\src\PhpSpreadsheet\IOFactory.php(151): PhpOffice\PhpSpreadsheet\Reader\Xlsx->canRead('uploads/p2_1743997685.xlsx')
 4 VENDORPATH\phpoffice\phpspreadsheet\src\PhpSpreadsheet\IOFactory.php(104): PhpOffice\PhpSpreadsheet\IOFactory::createReaderForFile('uploads/p2_1743997685.xlsx', null)
 5 APPPATH\Controllers\ParsingController.php(83): PhpOffice\PhpSpreadsheet\IOFactory::load('uploads/p2_1743997685.xlsx')
 6 SYSTEMPATH\CodeIgniter.php(933): App\Controllers\ParsingController->load()
 7 SYSTEMPATH\CodeIgniter.php(507): CodeIgniter\CodeIgniter->runController(Object(App\Controllers\ParsingController))
 8 SYSTEMPATH\CodeIgniter.php(354): CodeIgniter\CodeIgniter->handleRequest(null, Object(Config\Cache), false)
 9 SYSTEMPATH\Boot.php(334): CodeIgniter\CodeIgniter->run()
10 SYSTEMPATH\Boot.php(67): CodeIgniter\Boot::runCodeIgniter(Object(CodeIgniter\CodeIgniter))
11 FCPATH\index.php(56): CodeIgniter\Boot::bootWeb(Object(Config\Paths))
12 SYSTEMPATH\rewrite.php(44): require_once('C:\\sobar\\coba\\public\\index.php')
DEBUG - 2025-04-07 04:23:12 --> Session: Class initialized using 'CodeIgniter\Session\Handlers\FileHandler' driver.
CRITICAL - 2025-04-07 04:23:12 --> Error: Class "ZipArchive" not found
[Method: GET, Route: pages/load]
in VENDORPATH\phpoffice\phpspreadsheet\src\PhpSpreadsheet\Shared\File.php on line 61.
 1 VENDORPATH\phpoffice\phpspreadsheet\src\PhpSpreadsheet\Shared\File.php(186): PhpOffice\PhpSpreadsheet\Shared\File::fileExists('zip://uploads/p2_1743997685.xlsx#_rels/.rels')
 2 VENDORPATH\phpoffice\phpspreadsheet\src\PhpSpreadsheet\Reader\Xlsx.php(78): PhpOffice\PhpSpreadsheet\Shared\File::testFileNoThrow('uploads/p2_1743997685.xlsx', '_rels/.rels')
 3 VENDORPATH\phpoffice\phpspreadsheet\src\PhpSpreadsheet\IOFactory.php(151): PhpOffice\PhpSpreadsheet\Reader\Xlsx->canRead('uploads/p2_1743997685.xlsx')
 4 VENDORPATH\phpoffice\phpspreadsheet\src\PhpSpreadsheet\IOFactory.php(104): PhpOffice\PhpSpreadsheet\IOFactory::createReaderForFile('uploads/p2_1743997685.xlsx', null)
 5 APPPATH\Controllers\ParsingController.php(83): PhpOffice\PhpSpreadsheet\IOFactory::load('uploads/p2_1743997685.xlsx')
 6 SYSTEMPATH\CodeIgniter.php(933): App\Controllers\ParsingController->load()
 7 SYSTEMPATH\CodeIgniter.php(507): CodeIgniter\CodeIgniter->runController(Object(App\Controllers\ParsingController))
 8 SYSTEMPATH\CodeIgniter.php(354): CodeIgniter\CodeIgniter->handleRequest(null, Object(Config\Cache), false)
 9 SYSTEMPATH\Boot.php(334): CodeIgniter\CodeIgniter->run()
10 SYSTEMPATH\Boot.php(67): CodeIgniter\Boot::runCodeIgniter(Object(CodeIgniter\CodeIgniter))
11 FCPATH\index.php(56): CodeIgniter\Boot::bootWeb(Object(Config\Paths))
12 SYSTEMPATH\rewrite.php(44): require_once('C:\\sobar\\coba\\public\\index.php')
DEBUG - 2025-04-07 04:23:12 --> Session: Class initialized using 'CodeIgniter\Session\Handlers\FileHandler' driver.
CRITICAL - 2025-04-07 04:23:12 --> Error: Class "ZipArchive" not found
[Method: GET, Route: pages/load]
in VENDORPATH\phpoffice\phpspreadsheet\src\PhpSpreadsheet\Shared\File.php on line 61.
 1 VENDORPATH\phpoffice\phpspreadsheet\src\PhpSpreadsheet\Shared\File.php(186): PhpOffice\PhpSpreadsheet\Shared\File::fileExists('zip://uploads/p2_1743997685.xlsx#_rels/.rels')
 2 VENDORPATH\phpoffice\phpspreadsheet\src\PhpSpreadsheet\Reader\Xlsx.php(78): PhpOffice\PhpSpreadsheet\Shared\File::testFileNoThrow('uploads/p2_1743997685.xlsx', '_rels/.rels')
 3 VENDORPATH\phpoffice\phpspreadsheet\src\PhpSpreadsheet\IOFactory.php(151): PhpOffice\PhpSpreadsheet\Reader\Xlsx->canRead('uploads/p2_1743997685.xlsx')
 4 VENDORPATH\phpoffice\phpspreadsheet\src\PhpSpreadsheet\IOFactory.php(104): PhpOffice\PhpSpreadsheet\IOFactory::createReaderForFile('uploads/p2_1743997685.xlsx', null)
 5 APPPATH\Controllers\ParsingController.php(83): PhpOffice\PhpSpreadsheet\IOFactory::load('uploads/p2_1743997685.xlsx')
 6 SYSTEMPATH\CodeIgniter.php(933): App\Controllers\ParsingController->load()
 7 SYSTEMPATH\CodeIgniter.php(507): CodeIgniter\CodeIgniter->runController(Object(App\Controllers\ParsingController))
 8 SYSTEMPATH\CodeIgniter.php(354): CodeIgniter\CodeIgniter->handleRequest(null, Object(Config\Cache), false)
 9 SYSTEMPATH\Boot.php(334): CodeIgniter\CodeIgniter->run()
10 SYSTEMPATH\Boot.php(67): CodeIgniter\Boot::runCodeIgniter(Object(CodeIgniter\CodeIgniter))
11 FCPATH\index.php(56): CodeIgniter\Boot::bootWeb(Object(Config\Paths))
12 SYSTEMPATH\rewrite.php(44): require_once('C:\\sobar\\coba\\public\\index.php')
DEBUG - 2025-04-07 04:40:45 --> Session: Class initialized using 'CodeIgniter\Session\Handlers\FileHandler' driver.
CRITICAL - 2025-04-07 04:40:45 --> Error: Class "ZipArchive" not found
[Method: GET, Route: pages/load]
in VENDORPATH\phpoffice\phpspreadsheet\src\PhpSpreadsheet\Shared\File.php on line 61.
 1 VENDORPATH\phpoffice\phpspreadsheet\src\PhpSpreadsheet\Shared\File.php(186): PhpOffice\PhpSpreadsheet\Shared\File::fileExists('zip://uploads/p2_1743997685.xlsx#_rels/.rels')
 2 VENDORPATH\phpoffice\phpspreadsheet\src\PhpSpreadsheet\Reader\Xlsx.php(78): PhpOffice\PhpSpreadsheet\Shared\File::testFileNoThrow('uploads/p2_1743997685.xlsx', '_rels/.rels')
 3 VENDORPATH\phpoffice\phpspreadsheet\src\PhpSpreadsheet\IOFactory.php(151): PhpOffice\PhpSpreadsheet\Reader\Xlsx->canRead('uploads/p2_1743997685.xlsx')
 4 VENDORPATH\phpoffice\phpspreadsheet\src\PhpSpreadsheet\IOFactory.php(104): PhpOffice\PhpSpreadsheet\IOFactory::createReaderForFile('uploads/p2_1743997685.xlsx', null)
 5 APPPATH\Controllers\ParsingController.php(83): PhpOffice\PhpSpreadsheet\IOFactory::load('uploads/p2_1743997685.xlsx')
 6 SYSTEMPATH\CodeIgniter.php(933): App\Controllers\ParsingController->load()
 7 SYSTEMPATH\CodeIgniter.php(507): CodeIgniter\CodeIgniter->runController(Object(App\Controllers\ParsingController))
 8 SYSTEMPATH\CodeIgniter.php(354): CodeIgniter\CodeIgniter->handleRequest(null, Object(Config\Cache), false)
 9 SYSTEMPATH\Boot.php(334): CodeIgniter\CodeIgniter->run()
10 SYSTEMPATH\Boot.php(67): CodeIgniter\Boot::runCodeIgniter(Object(CodeIgniter\CodeIgniter))
11 FCPATH\index.php(56): CodeIgniter\Boot::bootWeb(Object(Config\Paths))
12 SYSTEMPATH\rewrite.php(44): require_once('C:\\sobar\\coba\\public\\index.php')
DEBUG - 2025-04-07 04:40:48 --> Session: Class initialized using 'CodeIgniter\Session\Handlers\FileHandler' driver.
CRITICAL - 2025-04-07 04:40:48 --> Error: Class "ZipArchive" not found
[Method: GET, Route: pages/load]
in VENDORPATH\phpoffice\phpspreadsheet\src\PhpSpreadsheet\Shared\File.php on line 61.
 1 VENDORPATH\phpoffice\phpspreadsheet\src\PhpSpreadsheet\Shared\File.php(186): PhpOffice\PhpSpreadsheet\Shared\File::fileExists('zip://uploads/p2_1743997685.xlsx#_rels/.rels')
 2 VENDORPATH\phpoffice\phpspreadsheet\src\PhpSpreadsheet\Reader\Xlsx.php(78): PhpOffice\PhpSpreadsheet\Shared\File::testFileNoThrow('uploads/p2_1743997685.xlsx', '_rels/.rels')
 3 VENDORPATH\phpoffice\phpspreadsheet\src\PhpSpreadsheet\IOFactory.php(151): PhpOffice\PhpSpreadsheet\Reader\Xlsx->canRead('uploads/p2_1743997685.xlsx')
 4 VENDORPATH\phpoffice\phpspreadsheet\src\PhpSpreadsheet\IOFactory.php(104): PhpOffice\PhpSpreadsheet\IOFactory::createReaderForFile('uploads/p2_1743997685.xlsx', null)
 5 APPPATH\Controllers\ParsingController.php(83): PhpOffice\PhpSpreadsheet\IOFactory::load('uploads/p2_1743997685.xlsx')
 6 SYSTEMPATH\CodeIgniter.php(933): App\Controllers\ParsingController->load()
 7 SYSTEMPATH\CodeIgniter.php(507): CodeIgniter\CodeIgniter->runController(Object(App\Controllers\ParsingController))
 8 SYSTEMPATH\CodeIgniter.php(354): CodeIgniter\CodeIgniter->handleRequest(null, Object(Config\Cache), false)
 9 SYSTEMPATH\Boot.php(334): CodeIgniter\CodeIgniter->run()
10 SYSTEMPATH\Boot.php(67): CodeIgniter\Boot::runCodeIgniter(Object(CodeIgniter\CodeIgniter))
11 FCPATH\index.php(56): CodeIgniter\Boot::bootWeb(Object(Config\Paths))
12 SYSTEMPATH\rewrite.php(44): require_once('C:\\sobar\\coba\\public\\index.php')
DEBUG - 2025-04-07 04:40:49 --> Session: Class initialized using 'CodeIgniter\Session\Handlers\FileHandler' driver.
CRITICAL - 2025-04-07 04:40:49 --> Error: Class "ZipArchive" not found
[Method: GET, Route: pages/load]
in VENDORPATH\phpoffice\phpspreadsheet\src\PhpSpreadsheet\Shared\File.php on line 61.
 1 VENDORPATH\phpoffice\phpspreadsheet\src\PhpSpreadsheet\Shared\File.php(186): PhpOffice\PhpSpreadsheet\Shared\File::fileExists('zip://uploads/p2_1743997685.xlsx#_rels/.rels')
 2 VENDORPATH\phpoffice\phpspreadsheet\src\PhpSpreadsheet\Reader\Xlsx.php(78): PhpOffice\PhpSpreadsheet\Shared\File::testFileNoThrow('uploads/p2_1743997685.xlsx', '_rels/.rels')
 3 VENDORPATH\phpoffice\phpspreadsheet\src\PhpSpreadsheet\IOFactory.php(151): PhpOffice\PhpSpreadsheet\Reader\Xlsx->canRead('uploads/p2_1743997685.xlsx')
 4 VENDORPATH\phpoffice\phpspreadsheet\src\PhpSpreadsheet\IOFactory.php(104): PhpOffice\PhpSpreadsheet\IOFactory::createReaderForFile('uploads/p2_1743997685.xlsx', null)
 5 APPPATH\Controllers\ParsingController.php(83): PhpOffice\PhpSpreadsheet\IOFactory::load('uploads/p2_1743997685.xlsx')
 6 SYSTEMPATH\CodeIgniter.php(933): App\Controllers\ParsingController->load()
 7 SYSTEMPATH\CodeIgniter.php(507): CodeIgniter\CodeIgniter->runController(Object(App\Controllers\ParsingController))
 8 SYSTEMPATH\CodeIgniter.php(354): CodeIgniter\CodeIgniter->handleRequest(null, Object(Config\Cache), false)
 9 SYSTEMPATH\Boot.php(334): CodeIgniter\CodeIgniter->run()
10 SYSTEMPATH\Boot.php(67): CodeIgniter\Boot::runCodeIgniter(Object(CodeIgniter\CodeIgniter))
11 FCPATH\index.php(56): CodeIgniter\Boot::bootWeb(Object(Config\Paths))
12 SYSTEMPATH\rewrite.php(44): require_once('C:\\sobar\\coba\\public\\index.php')
DEBUG - 2025-04-07 04:40:49 --> Session: Class initialized using 'CodeIgniter\Session\Handlers\FileHandler' driver.
CRITICAL - 2025-04-07 04:40:49 --> Error: Class "ZipArchive" not found
[Method: GET, Route: pages/load]
in VENDORPATH\phpoffice\phpspreadsheet\src\PhpSpreadsheet\Shared\File.php on line 61.
 1 VENDORPATH\phpoffice\phpspreadsheet\src\PhpSpreadsheet\Shared\File.php(186): PhpOffice\PhpSpreadsheet\Shared\File::fileExists('zip://uploads/p2_1743997685.xlsx#_rels/.rels')
 2 VENDORPATH\phpoffice\phpspreadsheet\src\PhpSpreadsheet\Reader\Xlsx.php(78): PhpOffice\PhpSpreadsheet\Shared\File::testFileNoThrow('uploads/p2_1743997685.xlsx', '_rels/.rels')
 3 VENDORPATH\phpoffice\phpspreadsheet\src\PhpSpreadsheet\IOFactory.php(151): PhpOffice\PhpSpreadsheet\Reader\Xlsx->canRead('uploads/p2_1743997685.xlsx')
 4 VENDORPATH\phpoffice\phpspreadsheet\src\PhpSpreadsheet\IOFactory.php(104): PhpOffice\PhpSpreadsheet\IOFactory::createReaderForFile('uploads/p2_1743997685.xlsx', null)
 5 APPPATH\Controllers\ParsingController.php(83): PhpOffice\PhpSpreadsheet\IOFactory::load('uploads/p2_1743997685.xlsx')
 6 SYSTEMPATH\CodeIgniter.php(933): App\Controllers\ParsingController->load()
 7 SYSTEMPATH\CodeIgniter.php(507): CodeIgniter\CodeIgniter->runController(Object(App\Controllers\ParsingController))
 8 SYSTEMPATH\CodeIgniter.php(354): CodeIgniter\CodeIgniter->handleRequest(null, Object(Config\Cache), false)
 9 SYSTEMPATH\Boot.php(334): CodeIgniter\CodeIgniter->run()
10 SYSTEMPATH\Boot.php(67): CodeIgniter\Boot::runCodeIgniter(Object(CodeIgniter\CodeIgniter))
11 FCPATH\index.php(56): CodeIgniter\Boot::bootWeb(Object(Config\Paths))
12 SYSTEMPATH\rewrite.php(44): require_once('C:\\sobar\\coba\\public\\index.php')
DEBUG - 2025-04-07 04:50:27 --> Session: Class initialized using 'CodeIgniter\Session\Handlers\FileHandler' driver.
DEBUG - 2025-04-07 04:50:36 --> Session: Class initialized using 'CodeIgniter\Session\Handlers\FileHandler' driver.
DEBUG - 2025-04-07 04:50:37 --> Session: Class initialized using 'CodeIgniter\Session\Handlers\FileHandler' driver.
CRITICAL - 2025-04-07 04:50:37 --> Error: Class "ZipArchive" not found
[Method: GET, Route: pages/load]
in VENDORPATH\phpoffice\phpspreadsheet\src\PhpSpreadsheet\Shared\File.php on line 61.
 1 VENDORPATH\phpoffice\phpspreadsheet\src\PhpSpreadsheet\Shared\File.php(186): PhpOffice\PhpSpreadsheet\Shared\File::fileExists('zip://uploads/p2_1744001436.xlsx#_rels/.rels')
 2 VENDORPATH\phpoffice\phpspreadsheet\src\PhpSpreadsheet\Reader\Xlsx.php(78): PhpOffice\PhpSpreadsheet\Shared\File::testFileNoThrow('uploads/p2_1744001436.xlsx', '_rels/.rels')
 3 VENDORPATH\phpoffice\phpspreadsheet\src\PhpSpreadsheet\IOFactory.php(151): PhpOffice\PhpSpreadsheet\Reader\Xlsx->canRead('uploads/p2_1744001436.xlsx')
 4 VENDORPATH\phpoffice\phpspreadsheet\src\PhpSpreadsheet\IOFactory.php(104): PhpOffice\PhpSpreadsheet\IOFactory::createReaderForFile('uploads/p2_1744001436.xlsx', null)
 5 APPPATH\Controllers\ParsingController.php(83): PhpOffice\PhpSpreadsheet\IOFactory::load('uploads/p2_1744001436.xlsx')
 6 SYSTEMPATH\CodeIgniter.php(933): App\Controllers\ParsingController->load()
 7 SYSTEMPATH\CodeIgniter.php(507): CodeIgniter\CodeIgniter->runController(Object(App\Controllers\ParsingController))
 8 SYSTEMPATH\CodeIgniter.php(354): CodeIgniter\CodeIgniter->handleRequest(null, Object(Config\Cache), false)
 9 SYSTEMPATH\Boot.php(334): CodeIgniter\CodeIgniter->run()
10 SYSTEMPATH\Boot.php(67): CodeIgniter\Boot::runCodeIgniter(Object(CodeIgniter\CodeIgniter))
11 FCPATH\index.php(56): CodeIgniter\Boot::bootWeb(Object(Config\Paths))
12 SYSTEMPATH\rewrite.php(44): require_once('C:\\sobar\\coba\\public\\index.php')
DEBUG - 2025-04-07 04:53:49 --> Session: Class initialized using 'CodeIgniter\Session\Handlers\FileHandler' driver.
CRITICAL - 2025-04-07 04:53:49 --> Error: Class "ZipArchive" not found
[Method: GET, Route: pages/load]
in VENDORPATH\phpoffice\phpspreadsheet\src\PhpSpreadsheet\Shared\File.php on line 61.
 1 VENDORPATH\phpoffice\phpspreadsheet\src\PhpSpreadsheet\Shared\File.php(186): PhpOffice\PhpSpreadsheet\Shared\File::fileExists('zip://uploads/p2_1744001436.xlsx#_rels/.rels')
 2 VENDORPATH\phpoffice\phpspreadsheet\src\PhpSpreadsheet\Reader\Xlsx.php(78): PhpOffice\PhpSpreadsheet\Shared\File::testFileNoThrow('uploads/p2_1744001436.xlsx', '_rels/.rels')
 3 VENDORPATH\phpoffice\phpspreadsheet\src\PhpSpreadsheet\IOFactory.php(151): PhpOffice\PhpSpreadsheet\Reader\Xlsx->canRead('uploads/p2_1744001436.xlsx')
 4 VENDORPATH\phpoffice\phpspreadsheet\src\PhpSpreadsheet\IOFactory.php(104): PhpOffice\PhpSpreadsheet\IOFactory::createReaderForFile('uploads/p2_1744001436.xlsx', null)
 5 APPPATH\Controllers\ParsingController.php(83): PhpOffice\PhpSpreadsheet\IOFactory::load('uploads/p2_1744001436.xlsx')
 6 SYSTEMPATH\CodeIgniter.php(933): App\Controllers\ParsingController->load()
 7 SYSTEMPATH\CodeIgniter.php(507): CodeIgniter\CodeIgniter->runController(Object(App\Controllers\ParsingController))
 8 SYSTEMPATH\CodeIgniter.php(354): CodeIgniter\CodeIgniter->handleRequest(null, Object(Config\Cache), false)
 9 SYSTEMPATH\Boot.php(334): CodeIgniter\CodeIgniter->run()
10 SYSTEMPATH\Boot.php(67): CodeIgniter\Boot::runCodeIgniter(Object(CodeIgniter\CodeIgniter))
11 FCPATH\index.php(56): CodeIgniter\Boot::bootWeb(Object(Config\Paths))
12 SYSTEMPATH\rewrite.php(44): require_once('C:\\sobar\\coba\\public\\index.php')
DEBUG - 2025-04-07 04:53:54 --> Session: Class initialized using 'CodeIgniter\Session\Handlers\FileHandler' driver.
CRITICAL - 2025-04-07 04:53:54 --> Error: Class "ZipArchive" not found
[Method: GET, Route: pages/load]
in VENDORPATH\phpoffice\phpspreadsheet\src\PhpSpreadsheet\Shared\File.php on line 61.
 1 VENDORPATH\phpoffice\phpspreadsheet\src\PhpSpreadsheet\Shared\File.php(186): PhpOffice\PhpSpreadsheet\Shared\File::fileExists('zip://uploads/p2_1744001436.xlsx#_rels/.rels')
 2 VENDORPATH\phpoffice\phpspreadsheet\src\PhpSpreadsheet\Reader\Xlsx.php(78): PhpOffice\PhpSpreadsheet\Shared\File::testFileNoThrow('uploads/p2_1744001436.xlsx', '_rels/.rels')
 3 VENDORPATH\phpoffice\phpspreadsheet\src\PhpSpreadsheet\IOFactory.php(151): PhpOffice\PhpSpreadsheet\Reader\Xlsx->canRead('uploads/p2_1744001436.xlsx')
 4 VENDORPATH\phpoffice\phpspreadsheet\src\PhpSpreadsheet\IOFactory.php(104): PhpOffice\PhpSpreadsheet\IOFactory::createReaderForFile('uploads/p2_1744001436.xlsx', null)
 5 APPPATH\Controllers\ParsingController.php(83): PhpOffice\PhpSpreadsheet\IOFactory::load('uploads/p2_1744001436.xlsx')
 6 SYSTEMPATH\CodeIgniter.php(933): App\Controllers\ParsingController->load()
 7 SYSTEMPATH\CodeIgniter.php(507): CodeIgniter\CodeIgniter->runController(Object(App\Controllers\ParsingController))
 8 SYSTEMPATH\CodeIgniter.php(354): CodeIgniter\CodeIgniter->handleRequest(null, Object(Config\Cache), false)
 9 SYSTEMPATH\Boot.php(334): CodeIgniter\CodeIgniter->run()
10 SYSTEMPATH\Boot.php(67): CodeIgniter\Boot::runCodeIgniter(Object(CodeIgniter\CodeIgniter))
11 FCPATH\index.php(56): CodeIgniter\Boot::bootWeb(Object(Config\Paths))
12 SYSTEMPATH\rewrite.php(44): require_once('C:\\sobar\\coba\\public\\index.php')
DEBUG - 2025-04-07 04:54:07 --> Session: Class initialized using 'CodeIgniter\Session\Handlers\FileHandler' driver.
CRITICAL - 2025-04-07 04:54:07 --> Error: Class "ZipArchive" not found
[Method: GET, Route: pages/load]
in VENDORPATH\phpoffice\phpspreadsheet\src\PhpSpreadsheet\Shared\File.php on line 61.
 1 VENDORPATH\phpoffice\phpspreadsheet\src\PhpSpreadsheet\Shared\File.php(186): PhpOffice\PhpSpreadsheet\Shared\File::fileExists('zip://uploads/p2_1744001436.xlsx#_rels/.rels')
 2 VENDORPATH\phpoffice\phpspreadsheet\src\PhpSpreadsheet\Reader\Xlsx.php(78): PhpOffice\PhpSpreadsheet\Shared\File::testFileNoThrow('uploads/p2_1744001436.xlsx', '_rels/.rels')
 3 VENDORPATH\phpoffice\phpspreadsheet\src\PhpSpreadsheet\IOFactory.php(151): PhpOffice\PhpSpreadsheet\Reader\Xlsx->canRead('uploads/p2_1744001436.xlsx')
 4 VENDORPATH\phpoffice\phpspreadsheet\src\PhpSpreadsheet\IOFactory.php(104): PhpOffice\PhpSpreadsheet\IOFactory::createReaderForFile('uploads/p2_1744001436.xlsx', null)
 5 APPPATH\Controllers\ParsingController.php(83): PhpOffice\PhpSpreadsheet\IOFactory::load('uploads/p2_1744001436.xlsx')
 6 SYSTEMPATH\CodeIgniter.php(933): App\Controllers\ParsingController->load()
 7 SYSTEMPATH\CodeIgniter.php(507): CodeIgniter\CodeIgniter->runController(Object(App\Controllers\ParsingController))
 8 SYSTEMPATH\CodeIgniter.php(354): CodeIgniter\CodeIgniter->handleRequest(null, Object(Config\Cache), false)
 9 SYSTEMPATH\Boot.php(334): CodeIgniter\CodeIgniter->run()
10 SYSTEMPATH\Boot.php(67): CodeIgniter\Boot::runCodeIgniter(Object(CodeIgniter\CodeIgniter))
11 FCPATH\index.php(56): CodeIgniter\Boot::bootWeb(Object(Config\Paths))
12 SYSTEMPATH\rewrite.php(44): require_once('C:\\sobar\\coba\\public\\index.php')
DEBUG - 2025-04-07 04:54:08 --> Session: Class initialized using 'CodeIgniter\Session\Handlers\FileHandler' driver.
CRITICAL - 2025-04-07 04:54:08 --> Error: Class "ZipArchive" not found
[Method: GET, Route: pages/load]
in VENDORPATH\phpoffice\phpspreadsheet\src\PhpSpreadsheet\Shared\File.php on line 61.
 1 VENDORPATH\phpoffice\phpspreadsheet\src\PhpSpreadsheet\Shared\File.php(186): PhpOffice\PhpSpreadsheet\Shared\File::fileExists('zip://uploads/p2_1744001436.xlsx#_rels/.rels')
 2 VENDORPATH\phpoffice\phpspreadsheet\src\PhpSpreadsheet\Reader\Xlsx.php(78): PhpOffice\PhpSpreadsheet\Shared\File::testFileNoThrow('uploads/p2_1744001436.xlsx', '_rels/.rels')
 3 VENDORPATH\phpoffice\phpspreadsheet\src\PhpSpreadsheet\IOFactory.php(151): PhpOffice\PhpSpreadsheet\Reader\Xlsx->canRead('uploads/p2_1744001436.xlsx')
 4 VENDORPATH\phpoffice\phpspreadsheet\src\PhpSpreadsheet\IOFactory.php(104): PhpOffice\PhpSpreadsheet\IOFactory::createReaderForFile('uploads/p2_1744001436.xlsx', null)
 5 APPPATH\Controllers\ParsingController.php(83): PhpOffice\PhpSpreadsheet\IOFactory::load('uploads/p2_1744001436.xlsx')
 6 SYSTEMPATH\CodeIgniter.php(933): App\Controllers\ParsingController->load()
 7 SYSTEMPATH\CodeIgniter.php(507): CodeIgniter\CodeIgniter->runController(Object(App\Controllers\ParsingController))
 8 SYSTEMPATH\CodeIgniter.php(354): CodeIgniter\CodeIgniter->handleRequest(null, Object(Config\Cache), false)
 9 SYSTEMPATH\Boot.php(334): CodeIgniter\CodeIgniter->run()
10 SYSTEMPATH\Boot.php(67): CodeIgniter\Boot::runCodeIgniter(Object(CodeIgniter\CodeIgniter))
11 FCPATH\index.php(56): CodeIgniter\Boot::bootWeb(Object(Config\Paths))
12 SYSTEMPATH\rewrite.php(44): require_once('C:\\sobar\\coba\\public\\index.php')
DEBUG - 2025-04-07 04:54:09 --> Session: Class initialized using 'CodeIgniter\Session\Handlers\FileHandler' driver.
CRITICAL - 2025-04-07 04:54:09 --> Error: Class "ZipArchive" not found
[Method: GET, Route: pages/load]
in VENDORPATH\phpoffice\phpspreadsheet\src\PhpSpreadsheet\Shared\File.php on line 61.
 1 VENDORPATH\phpoffice\phpspreadsheet\src\PhpSpreadsheet\Shared\File.php(186): PhpOffice\PhpSpreadsheet\Shared\File::fileExists('zip://uploads/p2_1744001436.xlsx#_rels/.rels')
 2 VENDORPATH\phpoffice\phpspreadsheet\src\PhpSpreadsheet\Reader\Xlsx.php(78): PhpOffice\PhpSpreadsheet\Shared\File::testFileNoThrow('uploads/p2_1744001436.xlsx', '_rels/.rels')
 3 VENDORPATH\phpoffice\phpspreadsheet\src\PhpSpreadsheet\IOFactory.php(151): PhpOffice\PhpSpreadsheet\Reader\Xlsx->canRead('uploads/p2_1744001436.xlsx')
 4 VENDORPATH\phpoffice\phpspreadsheet\src\PhpSpreadsheet\IOFactory.php(104): PhpOffice\PhpSpreadsheet\IOFactory::createReaderForFile('uploads/p2_1744001436.xlsx', null)
 5 APPPATH\Controllers\ParsingController.php(83): PhpOffice\PhpSpreadsheet\IOFactory::load('uploads/p2_1744001436.xlsx')
 6 SYSTEMPATH\CodeIgniter.php(933): App\Controllers\ParsingController->load()
 7 SYSTEMPATH\CodeIgniter.php(507): CodeIgniter\CodeIgniter->runController(Object(App\Controllers\ParsingController))
 8 SYSTEMPATH\CodeIgniter.php(354): CodeIgniter\CodeIgniter->handleRequest(null, Object(Config\Cache), false)
 9 SYSTEMPATH\Boot.php(334): CodeIgniter\CodeIgniter->run()
10 SYSTEMPATH\Boot.php(67): CodeIgniter\Boot::runCodeIgniter(Object(CodeIgniter\CodeIgniter))
11 FCPATH\index.php(56): CodeIgniter\Boot::bootWeb(Object(Config\Paths))
12 SYSTEMPATH\rewrite.php(44): require_once('C:\\sobar\\coba\\public\\index.php')
DEBUG - 2025-04-07 04:54:10 --> Session: Class initialized using 'CodeIgniter\Session\Handlers\FileHandler' driver.
CRITICAL - 2025-04-07 04:54:10 --> Error: Class "ZipArchive" not found
[Method: GET, Route: pages/load]
in VENDORPATH\phpoffice\phpspreadsheet\src\PhpSpreadsheet\Shared\File.php on line 61.
 1 VENDORPATH\phpoffice\phpspreadsheet\src\PhpSpreadsheet\Shared\File.php(186): PhpOffice\PhpSpreadsheet\Shared\File::fileExists('zip://uploads/p2_1744001436.xlsx#_rels/.rels')
 2 VENDORPATH\phpoffice\phpspreadsheet\src\PhpSpreadsheet\Reader\Xlsx.php(78): PhpOffice\PhpSpreadsheet\Shared\File::testFileNoThrow('uploads/p2_1744001436.xlsx', '_rels/.rels')
 3 VENDORPATH\phpoffice\phpspreadsheet\src\PhpSpreadsheet\IOFactory.php(151): PhpOffice\PhpSpreadsheet\Reader\Xlsx->canRead('uploads/p2_1744001436.xlsx')
 4 VENDORPATH\phpoffice\phpspreadsheet\src\PhpSpreadsheet\IOFactory.php(104): PhpOffice\PhpSpreadsheet\IOFactory::createReaderForFile('uploads/p2_1744001436.xlsx', null)
 5 APPPATH\Controllers\ParsingController.php(83): PhpOffice\PhpSpreadsheet\IOFactory::load('uploads/p2_1744001436.xlsx')
 6 SYSTEMPATH\CodeIgniter.php(933): App\Controllers\ParsingController->load()
 7 SYSTEMPATH\CodeIgniter.php(507): CodeIgniter\CodeIgniter->runController(Object(App\Controllers\ParsingController))
 8 SYSTEMPATH\CodeIgniter.php(354): CodeIgniter\CodeIgniter->handleRequest(null, Object(Config\Cache), false)
 9 SYSTEMPATH\Boot.php(334): CodeIgniter\CodeIgniter->run()
10 SYSTEMPATH\Boot.php(67): CodeIgniter\Boot::runCodeIgniter(Object(CodeIgniter\CodeIgniter))
11 FCPATH\index.php(56): CodeIgniter\Boot::bootWeb(Object(Config\Paths))
12 SYSTEMPATH\rewrite.php(44): require_once('C:\\sobar\\coba\\public\\index.php')
DEBUG - 2025-04-07 04:54:10 --> Session: Class initialized using 'CodeIgniter\Session\Handlers\FileHandler' driver.
CRITICAL - 2025-04-07 04:54:10 --> Error: Class "ZipArchive" not found
[Method: GET, Route: pages/load]
in VENDORPATH\phpoffice\phpspreadsheet\src\PhpSpreadsheet\Shared\File.php on line 61.
 1 VENDORPATH\phpoffice\phpspreadsheet\src\PhpSpreadsheet\Shared\File.php(186): PhpOffice\PhpSpreadsheet\Shared\File::fileExists('zip://uploads/p2_1744001436.xlsx#_rels/.rels')
 2 VENDORPATH\phpoffice\phpspreadsheet\src\PhpSpreadsheet\Reader\Xlsx.php(78): PhpOffice\PhpSpreadsheet\Shared\File::testFileNoThrow('uploads/p2_1744001436.xlsx', '_rels/.rels')
 3 VENDORPATH\phpoffice\phpspreadsheet\src\PhpSpreadsheet\IOFactory.php(151): PhpOffice\PhpSpreadsheet\Reader\Xlsx->canRead('uploads/p2_1744001436.xlsx')
 4 VENDORPATH\phpoffice\phpspreadsheet\src\PhpSpreadsheet\IOFactory.php(104): PhpOffice\PhpSpreadsheet\IOFactory::createReaderForFile('uploads/p2_1744001436.xlsx', null)
 5 APPPATH\Controllers\ParsingController.php(83): PhpOffice\PhpSpreadsheet\IOFactory::load('uploads/p2_1744001436.xlsx')
 6 SYSTEMPATH\CodeIgniter.php(933): App\Controllers\ParsingController->load()
 7 SYSTEMPATH\CodeIgniter.php(507): CodeIgniter\CodeIgniter->runController(Object(App\Controllers\ParsingController))
 8 SYSTEMPATH\CodeIgniter.php(354): CodeIgniter\CodeIgniter->handleRequest(null, Object(Config\Cache), false)
 9 SYSTEMPATH\Boot.php(334): CodeIgniter\CodeIgniter->run()
10 SYSTEMPATH\Boot.php(67): CodeIgniter\Boot::runCodeIgniter(Object(CodeIgniter\CodeIgniter))
11 FCPATH\index.php(56): CodeIgniter\Boot::bootWeb(Object(Config\Paths))
12 SYSTEMPATH\rewrite.php(44): require_once('C:\\sobar\\coba\\public\\index.php')
DEBUG - 2025-04-07 04:54:49 --> Session: Class initialized using 'CodeIgniter\Session\Handlers\FileHandler' driver.
INFO - 2025-04-07 04:55:05 --> Response from Node.js: Failed to process data
DEBUG - 2025-04-07 04:57:13 --> Session: Class initialized using 'CodeIgniter\Session\Handlers\FileHandler' driver.
DEBUG - 2025-04-07 04:57:19 --> Session: Class initialized using 'CodeIgniter\Session\Handlers\FileHandler' driver.
DEBUG - 2025-04-07 04:57:19 --> Session: Class initialized using 'CodeIgniter\Session\Handlers\FileHandler' driver.
INFO - 2025-04-07 04:57:20 --> Response from Node.js: Data received and inserted successfully
INFO - 2025-04-07 04:58:45 --> Response from Node.js: Data deleted successfully
DEBUG - 2025-04-07 04:58:45 --> Session: Class initialized using 'CodeIgniter\Session\Handlers\FileHandler' driver.
DEBUG - 2025-04-07 04:58:45 --> Session: Class initialized using 'CodeIgniter\Session\Handlers\FileHandler' driver.
DEBUG - 2025-04-07 06:02:29 --> Session: Class initialized using 'CodeIgniter\Session\Handlers\FileHandler' driver.
